Flow report for MSP430x2xx
Thu Dec 01 20:30:58 2016
Quartus Prime Version 16.0.0 Build 211 04/27/2016 SJ Lite Edition


---------------------
; Table of Contents ;
---------------------
  1. Legal Notice
  2. Flow Summary
  3. Flow Settings
  4. Flow Non-Default Global Settings
  5. Flow Elapsed Time
  6. Flow OS Summary
  7. Flow Log
  8. Flow Messages
  9. Flow Suppressed Messages



----------------
; Legal Notice ;
----------------
Copyright (C) 1991-2016 Altera Corporation. All rights reserved.
Your use of Altera Corporation's design tools, logic functions 
and other software and tools, and its AMPP partner logic 
functions, and any output files from any of the foregoing 
(including device programming or simulation files), and any 
associated documentation or information are expressly subject 
to the terms and conditions of the Altera Program License 
Subscription Agreement, the Altera Quartus Prime License Agreement,
the Altera MegaCore Function License Agreement, or other 
applicable license agreement, including, without limitation, 
that your use is for the sole purpose of programming logic 
devices manufactured by Altera and sold by Altera or its 
authorized distributors.  Please refer to the applicable 
agreement for further details.



+-------------------------------------------------------------------------------+
; Flow Summary                                                                  ;
+---------------------------------+---------------------------------------------+
; Flow Status                     ; Successful - Thu Dec 01 20:26:35 2016       ;
; Quartus Prime Version           ; 16.0.0 Build 211 04/27/2016 SJ Lite Edition ;
; Revision Name                   ; MSP430x2xx                                  ;
; Top-level Entity Name           ; MSP430x2xx_top                              ;
; Family                          ; Cyclone V                                   ;
; Device                          ; 5CSEMA5F31C6                                ;
; Timing Models                   ; Final                                       ;
; Logic utilization (in ALMs)     ; 5,970 / 32,070 ( 19 % )                     ;
; Total registers                 ; 4494                                        ;
; Total pins                      ; 48 / 457 ( 11 % )                           ;
; Total virtual pins              ; 0                                           ;
; Total block memory bits         ; 0 / 4,065,280 ( 0 % )                       ;
; Total DSP Blocks                ; 0 / 87 ( 0 % )                              ;
; Total HSSI RX PCSs              ; 0                                           ;
; Total HSSI PMA RX Deserializers ; 0                                           ;
; Total HSSI TX PCSs              ; 0                                           ;
; Total HSSI PMA TX Serializers   ; 0                                           ;
; Total PLLs                      ; 0 / 6 ( 0 % )                               ;
; Total DLLs                      ; 0 / 4 ( 0 % )                               ;
+---------------------------------+---------------------------------------------+


+-----------------------------------------+
; Flow Settings                           ;
+-------------------+---------------------+
; Option            ; Setting             ;
+-------------------+---------------------+
; Start date & time ; 12/01/2016 20:02:58 ;
; Main task         ; Compilation         ;
; Revision Name     ; MSP430x2xx          ;
+-------------------+---------------------+


+-------------------------------------------------------------------------------------------------------------------------------+
; Flow Non-Default Global Settings                                                                                              ;
+-------------------------------------+---------------------------------------+---------------+----------------+----------------+
; Assignment Name                     ; Value                                 ; Default Value ; Entity Name    ; Section Id     ;
+-------------------------------------+---------------------------------------+---------------+----------------+----------------+
; COMPILER_SIGNATURE_ID               ; 26833618269519.148064417817068        ; --            ; --             ; --             ;
; EDA_OUTPUT_DATA_FORMAT              ; Verilog Hdl                           ; --            ; --             ; eda_simulation ;
; EDA_SIMULATION_TOOL                 ; ModelSim-Altera (Verilog)             ; <None>        ; --             ; --             ;
; EDA_TIME_SCALE                      ; 1 ps                                  ; --            ; --             ; eda_simulation ;
; MAX_CORE_JUNCTION_TEMP              ; 85                                    ; --            ; --             ; --             ;
; MIN_CORE_JUNCTION_TEMP              ; 0                                     ; --            ; --             ; --             ;
; MISC_FILE                           ; mux_1_bit_inst.v                      ; --            ; --             ; --             ;
; MISC_FILE                           ; mux_1_bit_bb.v                        ; --            ; --             ; --             ;
; PARTITION_COLOR                     ; 16764057                              ; --            ; MSP430x2xx_top ; Top            ;
; PARTITION_FITTER_PRESERVATION_LEVEL ; PLACEMENT_AND_ROUTING                 ; --            ; MSP430x2xx_top ; Top            ;
; PARTITION_NETLIST_TYPE              ; SOURCE                                ; --            ; MSP430x2xx_top ; Top            ;
; POWER_BOARD_THERMAL_MODEL           ; None (CONSERVATIVE)                   ; --            ; --             ; --             ;
; POWER_PRESET_COOLING_SOLUTION       ; 23 MM HEAT SINK WITH 200 LFPM AIRFLOW ; --            ; --             ; --             ;
; PROJECT_OUTPUT_DIRECTORY            ; output_files                          ; --            ; --             ; --             ;
; TOP_LEVEL_ENTITY                    ; MSP430x2xx_top                        ; MSP430x2xx    ; --             ; --             ;
+-------------------------------------+---------------------------------------+---------------+----------------+----------------+


+-------------------------------------------------------------------------------------------------------------------------------+
; Flow Elapsed Time                                                                                                             ;
+---------------------------+--------------+-------------------------+---------------------+------------------------------------+
; Module Name               ; Elapsed Time ; Average Processors Used ; Peak Virtual Memory ; Total CPU Time (on all processors) ;
+---------------------------+--------------+-------------------------+---------------------+------------------------------------+
; Analysis & Synthesis      ; 00:00:50     ; 1.0                     ; 968 MB              ; 00:01:10                           ;
; Fitter                    ; 00:19:20     ; 1.0                     ; 2257 MB             ; 00:21:24                           ;
; Assembler                 ; 00:00:27     ; 1.0                     ; 1005 MB             ; 00:00:23                           ;
; EDA Netlist Writer        ; 00:00:09     ; 1.0                     ; 907 MB              ; 00:00:08                           ;
; TimeQuest Timing Analyzer ; 00:01:50     ; 1.0                     ; 1345 MB             ; 00:01:48                           ;
; Total                     ; 00:22:36     ; --                      ; --                  ; 00:24:53                           ;
+---------------------------+--------------+-------------------------+---------------------+------------------------------------+


+----------------------------------------------------------------------------------------+
; Flow OS Summary                                                                        ;
+---------------------------+------------------+-----------+------------+----------------+
; Module Name               ; Machine Hostname ; OS Name   ; OS Version ; Processor type ;
+---------------------------+------------------+-----------+------------+----------------+
; Analysis & Synthesis      ; SamsungPC        ; Windows 8 ; 6.2        ; x86_64         ;
; Fitter                    ; SamsungPC        ; Windows 8 ; 6.2        ; x86_64         ;
; Assembler                 ; SamsungPC        ; Windows 8 ; 6.2        ; x86_64         ;
; EDA Netlist Writer        ; SamsungPC        ; Windows 8 ; 6.2        ; x86_64         ;
; TimeQuest Timing Analyzer ; SamsungPC        ; Windows 8 ; 6.2        ; x86_64         ;
+---------------------------+------------------+-----------+------------+----------------+


------------
; Flow Log ;
------------
quartus_map --read_settings_files=on --write_settings_files=off MSP430x2xx -c MSP430x2xx
quartus_fit --read_settings_files=off --write_settings_files=off MSP430x2xx -c MSP430x2xx
quartus_asm --read_settings_files=off --write_settings_files=off MSP430x2xx -c MSP430x2xx
quartus_eda --read_settings_files=on --write_settings_files=off MSP430x2xx -c MSP430x2xx
quartus_sta MSP430x2xx -c MSP430x2xx



